<?xml version="1.0" encoding="UTF-8"?>
<testng-results ignored="0" total="2" passed="2" failed="0" skipped="0">
  <reporter-output>
  </reporter-output>
  <suite started-at="2025-01-23T07:21:17 IST" name="JenkinsCalculatorTest" finished-at="2025-01-23T07:21:17 IST" duration-ms="63">
    <groups>
    </groups>
    <test started-at="2025-01-23T07:21:17 IST" name="Command line test" finished-at="2025-01-23T07:21:17 IST" duration-ms="63">
      <class name="JenkinsCalculatorTest">
        <test-method signature="addNumbersTest()[pri:0, instance:JenkinsCalculatorTest@442675e1]" started-at="2025-01-23T07:21:17 IST" name="addNumbersTest" finished-at="2025-01-23T07:21:17 IST" duration-ms="0" status="PASS">
          <reporter-output>
          </reporter-output>
        </test-method> <!-- addNumbersTest -->
        <test-method signature="subNumbersTest()[pri:0, instance:JenkinsCalculatorTest@442675e1]" started-at="2025-01-23T07:21:17 IST" name="subNumbersTest" finished-at="2025-01-23T07:21:17 IST" duration-ms="0" status="PASS">
          <reporter-output>
          </reporter-output>
        </test-method> <!-- subNumbersTest -->
      </class> <!-- JenkinsCalculatorTest -->
    </test> <!-- Command line test -->
  </suite> <!-- JenkinsCalculatorTest -->
</testng-results>
